<?xml version="1.0" encoding="UTF-8"?>
<!-- Generated by org.testng.reporters.JUnitReportReporter -->
<testsuite hostname="DESKTOP-QSATFQR" failures="0" tests="3" name="com.browserstack.test_flipkart.TestFlipkartModule" time="181.884" errors="0" timestamp="2020-07-18T14:38:23 IST" skipped="0">
  <testcase classname="com.browserstack.test_flipkart.TestFlipkartModule" name="testFlipkart" time="65.767"/>
  <system-out/>
  <testcase classname="com.browserstack.test_flipkart.TestFlipkartModule" name="testFlipkart" time="50.535"/>
  <system-out/>
  <testcase classname="com.browserstack.test_flipkart.TestFlipkartModule" name="testFlipkart" time="65.582"/>
  <system-out/>
</testsuite> <!-- com.browserstack.test_flipkart.TestFlipkartModule -->
